     1                                  section .data ; сегмент инициализированных переменных
     2 00000000 507265737320456E74-     ExitMsg db "Press Enter to Exit",10 ; выводимое сообщение
     2 00000009 657220746F20457869-
     2 00000012 740A               
     3                                  lenExit equ $-ExitMsg
     4 00000014 E2FF                    A dw -30
     5 00000016 1500                    B dw 21
     6 00000018 FF                      val1 db 255
     7 00000019 0001                    chart dw 256
     8 0000001B 80FF                    lue3 dw -128
     9 0000001D 10                      v5 db 10h
    10 0000001E 25                      bin db 100101B
    11 0000001F 17230C                  beta db 23,23h,0ch
    12 00000022 48656C6C6F0A            sdk db "Hello",10
    13 00000028 0180                    min dw -32767
    14 0000002A 78563412                ar dd 12345678h
    15 0000002E 08<rep 5h>              valar times 5 db 8
    16                                  
    17 00000033 1900                    celoe dw 25
    18 00000035 DDFFFFFF                negat dd -35
    19 00000039 5961676D75726F7620-     name db 'Yagmurov Igor', "Ягмуров Игорь"
    19 00000042 49676F72D0AFD0B3D0-
    19 0000004B BCD183D180D0BED0B2-
    19 00000054 20D098D0B3D0BED180-
    19 0000005D D18C               
    20                                  
    21 0000005F 25                      first db 37
    22 00000060 2500                    sec dw 37
    23 00000062 2500                    third dw 25h
    24 00000064 2500                    fourth dw 100101b
    25 00000066 25                      fifth db "%"
    26                                  
    27 00000067 00250000                f dd 9472
    28 0000006B 00250000                f_2 dd 2500h
    29 0000006F 00250000                f3 dd 10010100000000b
    30                                  
    31 00000073 FFFF                    F1 dw 65535
    32 00000075 FFFF0000                F2 dd 65535
    33                                  section .bss ; сегмент неинициализированных переменных
    34 00000000 <res Ah>                InBuf resb 10 ; буфер для вводимой строки
    35                                  lenIn equ $-InBuf
    36 0000000A ????????                X resd 1
    37 0000000E <res 14h>               alu resw 10
    38 00000022 ??????????              ff1 resb 5
    39                                  
    40                                  section .text ; сегмент кода
    41                                  global _start
    42                                  _start:
    43                                  
    44                                  ;1.2.13
    45 00000000 66830425[73000000]-     add word[F1],1
    45 00000008 01                 
    46 00000009 830425[75000000]01      add dword[F2],1
    47                                  
    48                                  ; 1.2.10
    49 00000011 8B0425[14000000]        mov eax,[A] ; загрузить число A в регистр EAX
    50 00000018 83C005                  add eax,5
    51 0000001B 2B0425[16000000]        sub eax,[B] ; вычесть число B, результат в EAX
    52 00000022 890425[0A000000]        mov[X],eax ; сохранить результат в памяти
    53                                  ; write
    54 00000029 B801000000              mov rax, 1 ; системная функция 1 (write)
    55 0000002E BF01000000              mov rdi, 1 ; дескриптор файла stdout=1
    56 00000033 48BE-                   mov rsi, ExitMsg ; адрес выводимой строки
    56 00000035 [0000000000000000] 
    57 0000003D BA14000000              mov rdx, lenExit ; длина строки
    58 00000042 0F05                    syscall ; вызов системной функции
    59                                  ; read
    60 00000044 B800000000              mov rax, 0 ; системная функция 0 (read)
    61 00000049 BF00000000              mov rdi, 0 ; дескриптор файла stdin=0
    62 0000004E 48BE-                   mov rsi, InBuf ; адрес вводимой строки
    62 00000050 [0000000000000000] 
    63 00000058 BA0A000000              mov rdx, lenIn ; длина строки
    64 0000005D 0F05                    syscall ; вызов системной функции
    65                                  ; exit
    66 0000005F B83C000000              mov rax, 60 ; системная функция 60
    67 00000064 4831FF                  xor rdi, rdi ; return code 0
    68 00000067 0F05                    syscall
